<?xml version="1.0" encoding="UTF-8"?>
<coverage generated="1673421819108" clover="3.2.0">
  <project timestamp="1673421819108" name="All files">
    <metrics statements="24" coveredstatements="24" conditionals="3" coveredconditionals="3" methods="6" coveredmethods="6" elements="33" coveredelements="33" complexity="0" loc="24" ncloc="24" packages="1" files="1" classes="1"/>
    <file name="bank-account.ts" path="/Users/john_cusack/Documents/projects/coding-assignment-backend/coding-challenge/src/bank/bank-account.ts">
      <metrics statements="24" coveredstatements="24" conditionals="3" coveredconditionals="3" methods="6" coveredmethods="6"/>
      <line num="1" count="1" type="stmt"/>
      <line num="3" count="1" type="stmt"/>
      <line num="4" count="10" type="stmt"/>
      <line num="9" count="10" type="stmt"/>
      <line num="10" count="10" type="stmt"/>
      <line num="13" count="1" type="stmt"/>
      <line num="14" count="3" type="cond" truecount="1" falsecount="0"/>
      <line num="15" count="1" type="stmt"/>
      <line num="18" count="2" type="cond" truecount="1" falsecount="0"/>
      <line num="19" count="1" type="stmt"/>
      <line num="22" count="1" type="stmt"/>
      <line num="25" count="1" type="stmt"/>
      <line num="26" count="2" type="cond" truecount="1" falsecount="0"/>
      <line num="27" count="1" type="stmt"/>
      <line num="30" count="1" type="stmt"/>
      <line num="33" count="1" type="stmt"/>
      <line num="34" count="3" type="stmt"/>
      <line num="37" count="1" type="stmt"/>
      <line num="38" count="2" type="stmt"/>
      <line num="40" count="2" type="stmt"/>
      <line num="41" count="2" type="stmt"/>
      <line num="43" count="1" type="stmt"/>
      <line num="44" count="1" type="stmt"/>
      <line num="48" count="1" type="stmt"/>
    </file>
  </project>
</coverage>
