{"/Users/john_cusack/Documents/projects/coding-assignment-backend/coding-challenge/src/bank/bank-account.ts": {"path":"/Users/john_cusack/Documents/projects/coding-assignment-backend/coding-challenge/src/bank/bank-account.ts","statementMap":{"0":{"start":{"line":1,"column":0},"end":{"line":1,"column":32}},"1":{"start":{"line":3,"column":0},"end":{"line":3,"column":13}},"2":{"start":{"line":4,"column":11},"end":{"line":4,"column":31}},"3":{"start":{"line":9,"column":8},"end":{"line":9,"column":43}},"4":{"start":{"line":10,"column":8},"end":{"line":10,"column":36}},"5":{"start":{"line":13,"column":4},"end":{"line":23,"column":6}},"6":{"start":{"line":14,"column":8},"end":{"line":16,"column":null}},"7":{"start":{"line":15,"column":12},"end":{"line":15,"column":73}},"8":{"start":{"line":18,"column":8},"end":{"line":20,"column":null}},"9":{"start":{"line":19,"column":12},"end":{"line":19,"column":51}},"10":{"start":{"line":22,"column":8},"end":{"line":22,"column":39}},"11":{"start":{"line":25,"column":4},"end":{"line":31,"column":6}},"12":{"start":{"line":26,"column":8},"end":{"line":28,"column":null}},"13":{"start":{"line":27,"column":12},"end":{"line":27,"column":72}},"14":{"start":{"line":30,"column":8},"end":{"line":30,"column":38}},"15":{"start":{"line":33,"column":4},"end":{"line":35,"column":6}},"16":{"start":{"line":34,"column":8},"end":{"line":34,"column":28}},"17":{"start":{"line":37,"column":4},"end":{"line":47,"column":6}},"18":{"start":{"line":38,"column":8},"end":{"line":38,"column":38}},"19":{"start":{"line":40,"column":8},"end":{"line":45,"column":null}},"20":{"start":{"line":41,"column":12},"end":{"line":41,"column":59}},"21":{"start":{"line":43,"column":12},"end":{"line":43,"column":41}},"22":{"start":{"line":44,"column":12},"end":{"line":44,"column":70}},"23":{"start":{"line":48,"column":0},"end":{"line":48,"column":null}},"24":{"start":{"line":3,"column":13},"end":{"line":3,"column":24}}},"fnMap":{"0":{"name":"(anonymous_0)","decl":{"start":{"line":3,"column":0},"end":{"line":3,"column":13}},"loc":{"start":{"line":3,"column":0},"end":{"line":48,"column":null}}},"1":{"name":"BankAccount","decl":{"start":{"line":8,"column":4},"end":{"line":8,"column":16}},"loc":{"start":{"line":8,"column":29},"end":{"line":11,"column":5}}},"2":{"name":"(anonymous_2)","decl":{"start":{"line":13,"column":4},"end":{"line":13,"column":12}},"loc":{"start":{"line":13,"column":35},"end":{"line":23,"column":5}}},"3":{"name":"(anonymous_3)","decl":{"start":{"line":25,"column":4},"end":{"line":25,"column":11}},"loc":{"start":{"line":25,"column":33},"end":{"line":31,"column":5}}},"4":{"name":"(anonymous_4)","decl":{"start":{"line":33,"column":4},"end":{"line":33,"column":16}},"loc":{"start":{"line":33,"column":4},"end":{"line":35,"column":5}}},"5":{"name":"(anonymous_5)","decl":{"start":{"line":37,"column":4},"end":{"line":37,"column":12}},"loc":{"start":{"line":37,"column":72},"end":{"line":47,"column":5}}}},"branchMap":{"0":{"loc":{"start":{"line":14,"column":8},"end":{"line":16,"column":null}},"type":"if","locations":[{"start":{"line":14,"column":8},"end":{"line":16,"column":null}}]},"1":{"loc":{"start":{"line":18,"column":8},"end":{"line":20,"column":null}},"type":"if","locations":[{"start":{"line":18,"column":8},"end":{"line":20,"column":null}}]},"2":{"loc":{"start":{"line":26,"column":8},"end":{"line":28,"column":null}},"type":"if","locations":[{"start":{"line":26,"column":8},"end":{"line":28,"column":null}}]}},"s":{"0":1,"1":1,"2":10,"3":10,"4":10,"5":1,"6":3,"7":1,"8":2,"9":1,"10":1,"11":1,"12":2,"13":1,"14":1,"15":1,"16":3,"17":1,"18":2,"19":2,"20":2,"21":1,"22":1,"23":1,"24":1},"f":{"0":1,"1":10,"2":3,"3":2,"4":3,"5":2},"b":{"0":[1],"1":[1],"2":[1]}}
}
