TN:
SF:coding-challenge/src/bank/bank-account.ts
FN:3,(anonymous_0)
FN:8,BankAccount
FN:13,(anonymous_2)
FN:25,(anonymous_3)
FN:33,(anonymous_4)
FN:37,(anonymous_5)
FNF:6
FNH:6
FNDA:1,(anonymous_0)
FNDA:10,BankAccount
FNDA:3,(anonymous_2)
FNDA:2,(anonymous_3)
FNDA:3,(anonymous_4)
FNDA:2,(anonymous_5)
DA:1,1
DA:3,1
DA:4,10
DA:9,10
DA:10,10
DA:13,1
DA:14,3
DA:15,1
DA:18,2
DA:19,1
DA:22,1
DA:25,1
DA:26,2
DA:27,1
DA:30,1
DA:33,1
DA:34,3
DA:37,1
DA:38,2
DA:40,2
DA:41,2
DA:43,1
DA:44,1
DA:48,1
LF:24
LH:24
BRDA:14,0,0,1
BRDA:18,1,0,1
BRDA:26,2,0,1
BRF:3
BRH:3
end_of_record
